<?xml version="1.0" encoding="UTF-8"?>
<!-- Generated by org.testng.reporters.JUnitXMLReporter -->
<testsuite ignored="0" hostname="NTB-257" failures="0" tests="3" name="Test" time="85.228" errors="0" timestamp="2022-07-27T16:56:53 CEST">
  <testcase classname="Academy.JKE2E.HomePage" name="basePageNavigation" time="2.265"/>
  <testcase classname="Academy.JKE2E.LoginPage" name="loginPageNavigation" time="25.679"/>
  <testcase classname="Academy.JKE2E.LoginPage" name="loginPageNavigation" time="26.056"/>
</testsuite> <!-- Test -->
