<?xml version="1.0" encoding="UTF-8"?>
<testng-results ignored="0" total="2" passed="2" failed="0" skipped="0">
  <reporter-output>
  </reporter-output>
  <suite started-at="2022-07-28T16:49:25 CEST" name="Suite" finished-at="2022-07-28T16:49:59 CEST" duration-ms="34359">
    <groups>
      <group name="cucumber">
        <method signature="AbstractTestNGCucumberTests.runScenario(io.cucumber.testng.PickleWrapper,io.cucumber.testng.FeatureWrapper)[pri:0, instance:CucumberOptions.TestRunner@53f6fd09]" name="runScenario" class="io.cucumber.testng.AbstractTestNGCucumberTests"/>
      </group> <!-- cucumber -->
    </groups>
    <test started-at="2022-07-28T16:49:25 CEST" name="TestCucumber" finished-at="2022-07-28T16:49:59 CEST" duration-ms="34359">
      <class name="CucumberOptions.TestRunner">
        <test-method is-config="true" signature="setUpClass(org.testng.ITestContext)[pri:0, instance:CucumberOptions.TestRunner@53f6fd09]" started-at="2022-07-28T16:49:25 CEST" name="setUpClass" finished-at="2022-07-28T16:49:25 CEST" duration-ms="420" status="PASS">
          <params>
            <param index="0">
              <value>
                <![CDATA[org.testng.TestRunner@13f95696]]>
              </value>
            </param>
          </params>
          <reporter-output>
          </reporter-output>
        </test-method> <!-- setUpClass -->
        <test-method signature="runScenario(io.cucumber.testng.PickleWrapper,io.cucumber.testng.FeatureWrapper)[pri:0, instance:CucumberOptions.TestRunner@53f6fd09]" started-at="2022-07-28T16:49:25 CEST" name="runScenario" description="Runs Cucumber Scenarios" data-provider="scenarios" finished-at="2022-07-28T16:49:44 CEST" duration-ms="18874" status="PASS">
          <params>
            <param index="0">
              <value>
                <![CDATA["Positive path for Login functionality"]]>
              </value>
            </param>
            <param index="1">
              <value>
                <![CDATA["Login into the Application"]]>
              </value>
            </param>
          </params>
          <reporter-output>
          </reporter-output>
        </test-method> <!-- runScenario -->
        <test-method signature="runScenario(io.cucumber.testng.PickleWrapper,io.cucumber.testng.FeatureWrapper)[pri:0, instance:CucumberOptions.TestRunner@53f6fd09]" started-at="2022-07-28T16:49:44 CEST" name="runScenario" description="Runs Cucumber Scenarios" data-provider="scenarios" finished-at="2022-07-28T16:49:59 CEST" duration-ms="14946" status="PASS">
          <params>
            <param index="0">
              <value>
                <![CDATA["Positive path for Login functionality"]]>
              </value>
            </param>
            <param index="1">
              <value>
                <![CDATA["Login into the Application"]]>
              </value>
            </param>
          </params>
          <reporter-output>
          </reporter-output>
        </test-method> <!-- runScenario -->
        <test-method is-config="true" signature="tearDownClass()[pri:0, instance:CucumberOptions.TestRunner@53f6fd09]" started-at="2022-07-28T16:49:59 CEST" name="tearDownClass" finished-at="2022-07-28T16:49:59 CEST" duration-ms="18" status="PASS">
          <reporter-output>
          </reporter-output>
        </test-method> <!-- tearDownClass -->
      </class> <!-- CucumberOptions.TestRunner -->
    </test> <!-- TestCucumber -->
  </suite> <!-- Suite -->
</testng-results>
